site_src/wednesday/recap_session_26.md: line 1: Added blank line after heading: # Session 26 Recap:
site_src/wednesday/recap_session_21.md: line 1: Added blank line after heading: # Session 21 Recap:
site_src/wednesday/recap_session_24.md: line 1: Added blank line after heading: # Session 24 Recap: Cogs, Children, and a Queen of Spiders
site_src/wednesday/recap_session_23.md: line 1: Added blank line after heading: # Session 23 Recap: Of Thieves, Traps, and Tender Souls
site_src/wednesday/recap_session_27.md: line 1: Added blank line after heading: # Session 27 Recap
site_src/wednesday/recap_session_22.md: line 1: Added blank line after heading: # Session 22 Recap:
site_src/wednesday/recap_session_29.md: line 1: Added blank line after heading: # Session 29 Recap: Blood on the Black Oak
site_src/wednesday/recap_session_28.md: line 1: Added blank line after heading: # Session 28 Recap: Whispers of the Dead Falls
site_src/wednesday/recap_session_25.md: line 1: Added blank line after heading: # Session 25 Recap: Of Rescues and Reptilians
site_src/wednesday/recap_session_25.md: line 2: Added blank line after heading: ## **06/11/2025**
site_src/friday/log_session_35.md: line 1: Added blank line after heading: # Session 35 [Session 35](#session-35)
site_src/friday/recap_session_28.md: line 1: Added blank line after heading: # Session 28
site_src/friday/players/pcs.md: line 3: Added blank line after heading: ## Astraeus:
site_src/friday/players/pcs.md: line 18: Added blank line after heading: ## Delphi Silverstar:
site_src/friday/players/pcs.md: line 32: Added blank line after heading: ## Aella Swiftstrike:
site_src/friday/players/pcs.md: line 47: Added blank line after heading: ## Rhaena:
site_src/monday/players/pcs.md: line 1: Added blank line after heading: # Cast of Player Characters
site_src/monday/players/pcs.md: line 7: Added blank line after heading: ## Rav'ithar ![Rav'ithar](ravithar.webp)
site_src/monday/players/pcs.md: line 14: Added blank line after heading: ## Malaggar (Youngest Son of House T'alzar) ![Malaggar](malaggar.webp)
site_src/monday/players/pcs.md: line 21: Added blank line after heading: ## Haribo the Spreader, Knight of the Musca ![Haribo](haribo.webp)
site_src/monday/players/pcs.md: line 28: Added blank line after heading: ## Mordath "Clank" Ironshroud ![Clank](clank.webp)
site_src/monday/players/pcs.md: line 38: Added blank line after heading: ### Zyntra ![Zyntra](zyntra.webp)
